<component name="libraryTable">
  <library name="junit-4.12-sources">
    <CLASSES />
    <JAVADOC />
    <SOURCES>
      <root url="jar://$PROJECT_DIR$/libs/junit-4.12-sources.jar!/" />
      <root url="jar://$PROJECT_DIR$/libs/hamcrest-core-1.3-sources.jar!/" />
    </SOURCES>
  </library>
</component>